<?xml version="1.0" encoding="UTF-8"?>
<coverage generated="1756844751998" clover="3.2.0">
  <project timestamp="1756844751998" name="All files">
    <metrics statements="15306" coveredstatements="12128" conditionals="4442" coveredconditionals="3979" methods="1273" coveredmethods="922" elements="21021" coveredelements="17029" complexity="0" loc="15306" ncloc="15306" packages="16" files="69" classes="69"/>
    <package name="lib">
      <metrics statements="552" coveredstatements="350" conditionals="75" coveredconditionals="66" methods="21" coveredmethods="14"/>
      <file name="globals.ts" path="/Users/rbb/_PROJECTS/_EXPERIMENTAL/paper2/packages/paper2/lib/globals.ts">
        <metrics statements="37" coveredstatements="37" conditionals="0" coveredconditionals="0" methods="0" coveredmethods="0"/>
        <line num="36" count="1" type="stmt"/>
        <line num="37" count="1" type="stmt"/>
        <line num="38" count="1" type="stmt"/>
        <line num="39" count="1" type="stmt"/>
        <line num="40" count="1" type="stmt"/>
        <line num="41" count="1" type="stmt"/>
        <line num="42" count="1" type="stmt"/>
        <line num="43" count="1" type="stmt"/>
        <line num="44" count="1" type="stmt"/>
        <line num="45" count="1" type="stmt"/>
        <line num="46" count="1" type="stmt"/>
        <line num="47" count="1" type="stmt"/>
        <line num="48" count="1" type="stmt"/>
        <line num="49" count="1" type="stmt"/>
        <line num="50" count="1" type="stmt"/>
        <line num="51" count="1" type="stmt"/>
        <line num="52" count="1" type="stmt"/>
        <line num="53" count="1" type="stmt"/>
        <line num="54" count="1" type="stmt"/>
        <line num="55" count="1" type="stmt"/>
        <line num="56" count="1" type="stmt"/>
        <line num="57" count="1" type="stmt"/>
        <line num="58" count="1" type="stmt"/>
        <line num="59" count="1" type="stmt"/>
        <line num="60" count="1" type="stmt"/>
        <line num="61" count="1" type="stmt"/>
        <line num="62" count="1" type="stmt"/>
        <line num="63" count="1" type="stmt"/>
        <line num="64" count="1" type="stmt"/>
        <line num="65" count="1" type="stmt"/>
        <line num="66" count="1" type="stmt"/>
        <line num="67" count="1" type="stmt"/>
        <line num="68" count="1" type="stmt"/>
        <line num="69" count="1" type="stmt"/>
        <line num="70" count="1" type="stmt"/>
        <line num="71" count="1" type="stmt"/>
        <line num="72" count="1" type="stmt"/>
      </file>
      <file name="index-core.ts" path="/Users/rbb/_PROJECTS/_EXPERIMENTAL/paper2/packages/paper2/lib/index-core.ts">
        <metrics statements="77" coveredstatements="77" conditionals="0" coveredconditionals="0" methods="0" coveredmethods="0"/>
        <line num="2" count="1" type="stmt"/>
        <line num="3" count="1" type="stmt"/>
        <line num="4" count="1" type="stmt"/>
        <line num="5" count="1" type="stmt"/>
        <line num="6" count="1" type="stmt"/>
        <line num="8" count="1" type="stmt"/>
        <line num="10" count="1" type="stmt"/>
        <line num="12" count="1" type="stmt"/>
        <line num="14" count="1" type="stmt"/>
        <line num="15" count="1" type="stmt"/>
        <line num="16" count="1" type="stmt"/>
        <line num="17" count="1" type="stmt"/>
        <line num="18" count="1" type="stmt"/>
        <line num="19" count="1" type="stmt"/>
        <line num="20" count="1" type="stmt"/>
        <line num="21" count="1" type="stmt"/>
        <line num="22" count="1" type="stmt"/>
        <line num="23" count="1" type="stmt"/>
        <line num="24" count="1" type="stmt"/>
        <line num="25" count="1" type="stmt"/>
        <line num="26" count="1" type="stmt"/>
        <line num="27" count="1" type="stmt"/>
        <line num="28" count="1" type="stmt"/>
        <line num="29" count="1" type="stmt"/>
        <line num="31" count="1" type="stmt"/>
        <line num="33" count="1" type="stmt"/>
        <line num="35" count="1" type="stmt"/>
        <line num="37" count="1" type="stmt"/>
        <line num="38" count="1" type="stmt"/>
        <line num="39" count="1" type="stmt"/>
        <line num="40" count="1" type="stmt"/>
        <line num="41" count="1" type="stmt"/>
        <line num="42" count="1" type="stmt"/>
        <line num="43" count="1" type="stmt"/>
        <line num="44" count="1" type="stmt"/>
        <line num="45" count="1" type="stmt"/>
        <line num="46" count="1" type="stmt"/>
        <line num="47" count="1" type="stmt"/>
        <line num="48" count="1" type="stmt"/>
        <line num="49" count="1" type="stmt"/>
        <line num="50" count="1" type="stmt"/>
        <line num="51" count="1" type="stmt"/>
        <line num="52" count="1" type="stmt"/>
        <line num="53" count="1" type="stmt"/>
        <line num="54" count="1" type="stmt"/>
        <line num="55" count="1" type="stmt"/>
        <line num="57" count="1" type="stmt"/>
        <line num="58" count="1" type="stmt"/>
        <line num="60" count="1" type="stmt"/>
        <line num="61" count="1" type="stmt"/>
        <line num="63" count="1" type="stmt"/>
        <line num="65" count="1" type="stmt"/>
        <line num="66" count="1" type="stmt"/>
        <line num="67" count="1" type="stmt"/>
        <line num="68" count="1" type="stmt"/>
        <line num="69" count="1" type="stmt"/>
        <line num="70" count="1" type="stmt"/>
        <line num="71" count="1" type="stmt"/>
        <line num="72" count="1" type="stmt"/>
        <line num="73" count="1" type="stmt"/>
        <line num="74" count="1" type="stmt"/>
        <line num="75" count="1" type="stmt"/>
        <line num="76" count="1" type="stmt"/>
        <line num="77" count="1" type="stmt"/>
        <line num="78" count="1" type="stmt"/>
        <line num="80" count="1" type="stmt"/>
        <line num="81" count="1" type="stmt"/>
        <line num="82" count="1" type="stmt"/>
        <line num="83" count="1" type="stmt"/>
        <line num="84" count="1" type="stmt"/>
        <line num="85" count="1" type="stmt"/>
        <line num="87" count="1" type="stmt"/>
        <line num="88" count="1" type="stmt"/>
        <line num="89" count="1" type="stmt"/>
        <line num="91" count="1" type="stmt"/>
        <line num="92" count="1" type="stmt"/>
        <line num="93" count="1" type="stmt"/>
      </file>
      <file name="index-full.ts" path="/Users/rbb/_PROJECTS/_EXPERIMENTAL/paper2/packages/paper2/lib/index-full.ts">
        <metrics statements="74" coveredstatements="74" conditionals="0" coveredconditionals="0" methods="0" coveredmethods="0"/>
        <line num="4" count="1" type="stmt"/>
        <line num="5" count="1" type="stmt"/>
        <line num="6" count="1" type="stmt"/>
        <line num="7" count="1" type="stmt"/>
        <line num="13" count="1" type="stmt"/>
        <line num="14" count="1" type="stmt"/>
        <line num="15" count="1" type="stmt"/>
        <line num="16" count="1" type="stmt"/>
        <line num="22" count="1" type="stmt"/>
        <line num="23" count="1" type="stmt"/>
        <line num="24" count="1" type="stmt"/>
        <line num="25" count="1" type="stmt"/>
        <line num="36" count="1" type="stmt"/>
        <line num="37" count="1" type="stmt"/>
        <line num="38" count="1" type="stmt"/>
        <line num="39" count="1" type="stmt"/>
        <line num="40" count="1" type="stmt"/>
        <line num="51" count="1" type="stmt"/>
        <line num="52" count="1" type="stmt"/>
        <line num="53" count="1" type="stmt"/>
        <line num="54" count="1" type="stmt"/>
        <line num="55" count="1" type="stmt"/>
        <line num="56" count="1" type="stmt"/>
        <line num="57" count="1" type="stmt"/>
        <line num="58" count="1" type="stmt"/>
        <line num="59" count="1" type="stmt"/>
        <line num="74" count="1" type="stmt"/>
        <line num="75" count="1" type="stmt"/>
        <line num="76" count="1" type="stmt"/>
        <line num="77" count="1" type="stmt"/>
        <line num="78" count="1" type="stmt"/>
        <line num="79" count="1" type="stmt"/>
        <line num="80" count="1" type="stmt"/>
        <line num="81" count="1" type="stmt"/>
        <line num="82" count="1" type="stmt"/>
        <line num="83" count="1" type="stmt"/>
        <line num="84" count="1" type="stmt"/>
        <line num="88" count="1" type="stmt"/>
        <line num="89" count="1" type="stmt"/>
        <line num="95" count="1" type="stmt"/>
        <line num="96" count="1" type="stmt"/>
        <line num="97" count="1" type="stmt"/>
        <line num="98" count="1" type="stmt"/>
        <line num="102" count="1" type="stmt"/>
        <line num="103" count="1" type="stmt"/>
        <line num="107" count="1" type="stmt"/>
        <line num="108" count="1" type="stmt"/>
        <line num="114" count="1" type="stmt"/>
        <line num="115" count="1" type="stmt"/>
        <line num="116" count="1" type="stmt"/>
        <line num="117" count="1" type="stmt"/>
        <line num="121" count="1" type="stmt"/>
        <line num="122" count="1" type="stmt"/>
        <line num="125" count="1" type="stmt"/>
        <line num="128" count="1" type="stmt"/>
        <line num="135" count="1" type="stmt"/>
        <line num="136" count="1" type="stmt"/>
        <line num="145" count="1" type="stmt"/>
        <line num="146" count="1" type="stmt"/>
        <line num="147" count="1" type="stmt"/>
        <line num="148" count="1" type="stmt"/>
        <line num="150" count="1" type="stmt"/>
        <line num="152" count="1" type="stmt"/>
        <line num="153" count="1" type="stmt"/>
        <line num="154" count="1" type="stmt"/>
        <line num="155" count="1" type="stmt"/>
        <line num="156" count="1" type="stmt"/>
        <line num="157" count="1" type="stmt"/>
        <line num="159" count="1" type="stmt"/>
        <line num="160" count="1" type="stmt"/>
        <line num="161" count="1" type="stmt"/>
        <line num="163" count="1" type="stmt"/>
        <line num="164" count="1" type="stmt"/>
        <line num="165" count="1" type="stmt"/>
      </file>
      <file name="jsdom-setup.ts" path="/Users/rbb/_PROJECTS/_EXPERIMENTAL/paper2/packages/paper2/lib/jsdom-setup.ts">
        <metrics statements="59" coveredstatements="0" conditionals="1" coveredconditionals="1" methods="1" coveredmethods="1"/>
        <line num="2" count="0" type="stmt"/>
        <line num="5" count="0" type="stmt"/>
        <line num="6" count="0" type="stmt"/>
        <line num="7" count="0" type="stmt"/>
        <line num="9" count="0" type="stmt"/>
        <line num="10" count="0" type="stmt"/>
        <line num="11" count="0" type="stmt"/>
        <line num="12" count="0" type="stmt"/>
        <line num="13" count="0" type="stmt"/>
        <line num="14" count="0" type="stmt"/>
        <line num="15" count="0" type="stmt"/>
        <line num="18" count="0" type="stmt"/>
        <line num="19" count="0" type="stmt"/>
        <line num="20" count="0" type="stmt"/>
        <line num="22" count="0" type="stmt"/>
        <line num="23" count="0" type="stmt"/>
        <line num="25" count="0" type="stmt"/>
        <line num="26" count="0" type="stmt"/>
        <line num="29" count="0" type="stmt"/>
        <line num="30" count="0" type="stmt"/>
        <line num="31" count="0" type="stmt"/>
        <line num="32" count="0" type="stmt"/>
        <line num="33" count="0" type="stmt"/>
        <line num="34" count="0" type="stmt"/>
        <line num="35" count="0" type="stmt"/>
        <line num="36" count="0" type="stmt"/>
        <line num="37" count="0" type="stmt"/>
        <line num="38" count="0" type="stmt"/>
        <line num="39" count="0" type="stmt"/>
        <line num="40" count="0" type="stmt"/>
        <line num="41" count="0" type="stmt"/>
        <line num="42" count="0" type="stmt"/>
        <line num="43" count="0" type="stmt"/>
        <line num="44" count="0" type="stmt"/>
        <line num="45" count="0" type="stmt"/>
        <line num="46" count="0" type="stmt"/>
        <line num="47" count="0" type="stmt"/>
        <line num="48" count="0" type="stmt"/>
        <line num="49" count="0" type="stmt"/>
        <line num="50" count="0" type="stmt"/>
        <line num="51" count="0" type="stmt"/>
        <line num="52" count="0" type="stmt"/>
        <line num="53" count="0" type="stmt"/>
        <line num="54" count="0" type="stmt"/>
        <line num="55" count="0" type="stmt"/>
        <line num="56" count="0" type="stmt"/>
        <line num="57" count="0" type="stmt"/>
        <line num="58" count="0" type="stmt"/>
        <line num="59" count="0" type="stmt"/>
        <line num="60" count="0" type="stmt"/>
        <line num="61" count="0" type="stmt"/>
        <line num="62" count="0" type="stmt"/>
        <line num="63" count="0" type="stmt"/>
        <line num="64" count="0" type="stmt"/>
        <line num="65" count="0" type="stmt"/>
        <line num="100" count="0" type="stmt"/>
        <line num="101" count="0" type="stmt"/>
        <line num="112" count="0" type="stmt"/>
        <line num="113" count="0" type="stmt"/>
      </file>
      <file name="options.ts" path="/Users/rbb/_PROJECTS/_EXPERIMENTAL/paper2/packages/paper2/lib/options.ts">
        <metrics statements="11" coveredstatements="11" conditionals="1" coveredconditionals="0" methods="0" coveredmethods="0"/>
        <line num="21" count="1" type="stmt"/>
        <line num="24" count="1" type="stmt"/>
        <line num="27" count="1" type="stmt"/>
        <line num="28" count="1" type="cond" truecount="0" falsecount="1"/>
        <line num="29" count="1" type="stmt"/>
        <line num="30" count="1" type="stmt"/>
        <line num="31" count="1" type="stmt"/>
        <line num="32" count="1" type="stmt"/>
        <line num="33" count="1" type="stmt"/>
        <line num="34" count="1" type="stmt"/>
        <line num="35" count="1" type="stmt"/>
      </file>
      <file name="stats.ts" path="/Users/rbb/_PROJECTS/_EXPERIMENTAL/paper2/packages/paper2/lib/stats.ts">
        <metrics statements="118" coveredstatements="2" conditionals="0" coveredconditionals="0" methods="2" coveredmethods="0"/>
        <line num="9" count="1" type="stmt"/>
        <line num="10" count="0" type="stmt"/>
        <line num="12" count="0" type="stmt"/>
        <line num="13" count="0" type="stmt"/>
        <line num="14" count="0" type="stmt"/>
        <line num="15" count="0" type="stmt"/>
        <line num="16" count="0" type="stmt"/>
        <line num="17" count="0" type="stmt"/>
        <line num="18" count="0" type="stmt"/>
        <line num="19" count="0" type="stmt"/>
        <line num="20" count="0" type="stmt"/>
        <line num="21" count="0" type="stmt"/>
        <line num="22" count="0" type="stmt"/>
        <line num="24" count="0" type="stmt"/>
        <line num="25" count="0" type="stmt"/>
        <line num="26" count="0" type="stmt"/>
        <line num="27" count="0" type="stmt"/>
        <line num="29" count="0" type="stmt"/>
        <line num="30" count="0" type="stmt"/>
        <line num="32" count="0" type="stmt"/>
        <line num="33" count="0" type="stmt"/>
        <line num="35" count="0" type="stmt"/>
        <line num="36" count="0" type="stmt"/>
        <line num="38" count="0" type="stmt"/>
        <line num="39" count="0" type="stmt"/>
        <line num="40" count="0" type="stmt"/>
        <line num="43" count="0" type="stmt"/>
        <line num="45" count="0" type="stmt"/>
        <line num="48" count="0" type="stmt"/>
        <line num="50" count="0" type="stmt"/>
        <line num="51" count="0" type="stmt"/>
        <line num="53" count="0" type="stmt"/>
        <line num="55" count="0" type="stmt"/>
        <line num="56" count="0" type="stmt"/>
        <line num="58" count="0" type="stmt"/>
        <line num="60" count="0" type="stmt"/>
        <line num="61" count="0" type="stmt"/>
        <line num="63" count="0" type="stmt"/>
        <line num="64" count="0" type="stmt"/>
        <line num="65" count="0" type="stmt"/>
        <line num="67" count="0" type="stmt"/>
        <line num="68" count="0" type="stmt"/>
        <line num="70" count="0" type="stmt"/>
        <line num="72" count="0" type="stmt"/>
        <line num="74" count="0" type="stmt"/>
        <line num="75" count="0" type="stmt"/>
        <line num="77" count="0" type="stmt"/>
        <line num="78" count="0" type="stmt"/>
        <line num="80" count="0" type="stmt"/>
        <line num="82" count="0" type="stmt"/>
        <line num="83" count="0" type="stmt"/>
        <line num="84" count="0" type="stmt"/>
        <line num="85" count="0" type="stmt"/>
        <line num="87" count="0" type="stmt"/>
        <line num="88" count="0" type="stmt"/>
        <line num="90" count="0" type="stmt"/>
        <line num="91" count="0" type="stmt"/>
        <line num="92" count="0" type="stmt"/>
        <line num="96" count="0" type="stmt"/>
        <line num="97" count="0" type="stmt"/>
        <line num="98" count="0" type="stmt"/>
        <line num="99" count="0" type="stmt"/>
        <line num="101" count="1" type="stmt"/>
        <line num="102" count="0" type="stmt"/>
        <line num="103" count="0" type="stmt"/>
        <line num="104" count="0" type="stmt"/>
        <line num="105" count="0" type="stmt"/>
        <line num="107" count="0" type="stmt"/>
        <line num="108" count="0" type="stmt"/>
        <line num="109" count="0" type="stmt"/>
        <line num="110" count="0" type="stmt"/>
        <line num="111" count="0" type="stmt"/>
        <line num="112" count="0" type="stmt"/>
        <line num="113" count="0" type="stmt"/>
        <line num="114" count="0" type="stmt"/>
        <line num="116" count="0" type="stmt"/>
        <line num="117" count="0" type="stmt"/>
        <line num="118" count="0" type="stmt"/>
        <line num="119" count="0" type="stmt"/>
        <line num="121" count="0" type="stmt"/>
        <line num="122" count="0" type="stmt"/>
        <line num="123" count="0" type="stmt"/>
        <line num="125" count="0" type="stmt"/>
        <line num="126" count="0" type="stmt"/>
        <line num="128" count="0" type="stmt"/>
        <line num="129" count="0" type="stmt"/>
        <line num="130" count="0" type="stmt"/>
        <line num="132" count="0" type="stmt"/>
        <line num="133" count="0" type="stmt"/>
        <line num="134" count="0" type="stmt"/>
        <line num="136" count="0" type="stmt"/>
        <line num="137" count="0" type="stmt"/>
        <line num="139" count="0" type="stmt"/>
        <line num="140" count="0" type="stmt"/>
        <line num="141" count="0" type="stmt"/>
        <line num="143" count="0" type="stmt"/>
        <line num="144" count="0" type="stmt"/>
        <line num="145" count="0" type="stmt"/>
        <line num="146" count="0" type="stmt"/>
        <line num="147" count="0" type="stmt"/>
        <line num="149" count="0" type="stmt"/>
        <line num="150" count="0" type="stmt"/>
        <line num="151" count="0" type="stmt"/>
        <line num="152" count="0" type="stmt"/>
        <line num="153" count="0" type="stmt"/>
        <line num="154" count="0" type="stmt"/>
        <line num="155" count="0" type="stmt"/>
        <line num="156" count="0" type="stmt"/>
        <line num="157" count="0" type="stmt"/>
        <line num="158" count="0" type="stmt"/>
        <line num="159" count="0" type="stmt"/>
        <line num="161" count="0" type="stmt"/>
        <line num="163" count="0" type="stmt"/>
        <line num="164" count="0" type="stmt"/>
        <line num="165" count="0" type="stmt"/>
        <line num="166" count="0" type="stmt"/>
        <line num="167" count="0" type="stmt"/>
        <line num="168" count="0" type="stmt"/>
      </file>
      <file name="straps.ts" path="/Users/rbb/_PROJECTS/_EXPERIMENTAL/paper2/packages/paper2/lib/straps.ts">
        <metrics statements="176" coveredstatements="149" conditionals="73" coveredconditionals="65" methods="18" coveredmethods="13"/>
        <line num="23" count="1" type="cond" truecount="0" falsecount="1"/>
        <line num="25" count="0" type="stmt"/>
        <line num="26" count="0" type="stmt"/>
        <line num="27" count="0" type="stmt"/>
        <line num="28" count="0" type="stmt"/>
        <line num="29" count="1" type="stmt"/>
        <line num="32" count="1" type="stmt"/>
        <line num="34" count="1" type="stmt"/>
        <line num="35" count="1" type="stmt"/>
        <line num="36" count="1" type="stmt"/>
        <line num="37" count="1" type="cond" truecount="0" falsecount="1"/>
        <line num="39" count="0" type="stmt"/>
        <line num="40" count="0" type="stmt"/>
        <line num="41" count="1" type="stmt"/>
        <line num="44" count="1" type="cond" truecount="1" falsecount="0"/>
        <line num="45" count="36" type="stmt"/>
        <line num="46" count="36" type="stmt"/>
        <line num="47" count="36" type="stmt"/>
        <line num="48" count="36" type="stmt"/>
        <line num="49" count="36" type="stmt"/>
        <line num="50" count="36" type="stmt"/>
        <line num="51" count="36" type="stmt"/>
        <line num="52" count="36" type="cond" truecount="0" falsecount="1"/>
        <line num="53" count="0" type="stmt"/>
        <line num="55" count="0" type="stmt"/>
        <line num="56" count="0" type="stmt"/>
        <line num="57" count="0" type="stmt"/>
        <line num="58" count="0" type="stmt"/>
        <line num="59" count="36" type="cond" truecount="1" falsecount="0"/>
        <line num="63" count="548" type="cond" truecount="1" falsecount="0"/>
        <line num="64" count="5036" type="stmt"/>
        <line num="65" count="5036" type="stmt"/>
        <line num="66" count="548" type="stmt"/>
        <line num="67" count="36" type="stmt"/>
        <line num="68" count="36" type="cond" truecount="0" falsecount="1"/>
        <line num="69" count="0" type="stmt"/>
        <line num="71" count="0" type="stmt"/>
        <line num="72" count="0" type="stmt"/>
        <line num="73" count="0" type="stmt"/>
        <line num="74" count="0" type="stmt"/>
        <line num="75" count="0" type="stmt"/>
        <line num="76" count="0" type="stmt"/>
        <line num="77" count="0" type="stmt"/>
        <line num="78" count="0" type="stmt"/>
        <line num="79" count="36" type="cond" truecount="1" falsecount="0"/>
        <line num="83" count="1673" type="stmt"/>
        <line num="84" count="1673" type="stmt"/>
        <line num="85" count="1673" type="cond" truecount="4" falsecount="0"/>
        <line num="86" count="1673" type="stmt"/>
        <line num="87" count="1673" type="stmt"/>
        <line num="88" count="1673" type="stmt"/>
        <line num="94" count="36" type="cond" truecount="1" falsecount="0"/>
        <line num="95" count="9794" type="stmt"/>
        <line num="102" count="9794" type="cond" truecount="1" falsecount="0"/>
        <line num="105" count="118300" type="cond" truecount="1" falsecount="1"/>
        <line num="108" count="118300" type="cond" truecount="2" falsecount="1"/>
        <line num="109" count="118300" type="stmt"/>
        <line num="110" count="118300" type="stmt"/>
        <line num="120" count="118300" type="cond" truecount="6" falsecount="0"/>
        <line num="121" count="118300" type="stmt"/>
        <line num="122" count="118300" type="cond" truecount="2" falsecount="0"/>
        <line num="125" count="118264" type="cond" truecount="2" falsecount="0"/>
        <line num="131" count="118264" type="cond" truecount="2" falsecount="0"/>
        <line num="132" count="118264" type="cond" truecount="1" falsecount="0"/>
        <line num="136" count="118264" type="cond" truecount="5" falsecount="0"/>
        <line num="137" count="106418" type="stmt"/>
        <line num="138" count="106418" type="stmt"/>
        <line num="141" count="118264" type="cond" truecount="1" falsecount="0"/>
        <line num="142" count="118264" type="stmt"/>
        <line num="146" count="118264" type="cond" truecount="2" falsecount="0"/>
        <line num="147" count="118264" type="stmt"/>
        <line num="148" count="118264" type="stmt"/>
        <line num="149" count="118264" type="stmt"/>
        <line num="150" count="118300" type="stmt"/>
        <line num="152" count="9794" type="cond" truecount="1" falsecount="0"/>
        <line num="153" count="7020" type="cond" truecount="1" falsecount="0"/>
        <line num="155" count="108328" type="cond" truecount="1" falsecount="0"/>
        <line num="156" count="108328" type="stmt"/>
        <line num="158" count="7020" type="cond" truecount="1" falsecount="0"/>
        <line num="167" count="18720" type="stmt"/>
        <line num="168" count="18720" type="stmt"/>
        <line num="169" count="18720" type="cond" truecount="2" falsecount="0"/>
        <line num="170" count="18720" type="cond" truecount="3" falsecount="0"/>
        <line num="171" count="18720" type="stmt"/>
        <line num="172" count="7020" type="stmt"/>
        <line num="173" count="9794" type="stmt"/>
        <line num="174" count="9794" type="stmt"/>
        <line num="177" count="36" type="cond" truecount="1" falsecount="0"/>
        <line num="178" count="804" type="cond" truecount="1" falsecount="0"/>
        <line num="179" count="1073" type="stmt"/>
        <line num="180" count="1073" type="cond" truecount="1" falsecount="0"/>
        <line num="181" count="1073" type="stmt"/>
        <line num="182" count="804" type="stmt"/>
        <line num="183" count="804" type="stmt"/>
        <line num="188" count="36" type="stmt"/>
        <line num="189" count="36" type="cond" truecount="1" falsecount="0"/>
        <line num="190" count="3818" type="stmt"/>
        <line num="193" count="3818" type="cond" truecount="0" falsecount="1"/>
        <line num="194" count="3818" type="stmt"/>
        <line num="195" count="3818" type="stmt"/>
        <line num="196" count="3818" type="stmt"/>
        <line num="199" count="3818" type="stmt"/>
        <line num="200" count="3818" type="stmt"/>
        <line num="204" count="3818" type="cond" truecount="1" falsecount="0"/>
        <line num="205" count="3818" type="stmt"/>
        <line num="206" count="3818" type="stmt"/>
        <line num="208" count="36" type="cond" truecount="1" falsecount="0"/>
        <line num="209" count="1548" type="stmt"/>
        <line num="210" count="1548" type="stmt"/>
        <line num="211" count="1548" type="stmt"/>
        <line num="215" count="1548" type="cond" truecount="3" falsecount="0"/>
        <line num="216" count="3348" type="stmt"/>
        <line num="217" count="3348" type="cond" truecount="1" falsecount="0"/>
        <line num="218" count="3348" type="stmt"/>
        <line num="219" count="3348" type="stmt"/>
        <line num="222" count="1548" type="stmt"/>
        <line num="223" count="1548" type="cond" truecount="0" falsecount="1"/>
        <line num="224" count="0" type="stmt"/>
        <line num="225" count="0" type="stmt"/>
        <line num="226" count="0" type="stmt"/>
        <line num="227" count="1548" type="stmt"/>
        <line num="230" count="1548" type="stmt"/>
        <line num="231" count="1548" type="stmt"/>
        <line num="232" count="1548" type="stmt"/>
        <line num="233" count="1548" type="stmt"/>
        <line num="234" count="1548" type="stmt"/>
        <line num="238" count="1548" type="stmt"/>
        <line num="243" count="1548" type="stmt"/>
        <line num="248" count="1548" type="stmt"/>
        <line num="249" count="1548" type="stmt"/>
        <line num="250" count="1548" type="stmt"/>
        <line num="251" count="36" type="stmt"/>
        <line num="254" count="36" type="stmt"/>
        <line num="262" count="36" type="stmt"/>
        <line num="270" count="36" type="stmt"/>
        <line num="279" count="36" type="cond" truecount="1" falsecount="0"/>
        <line num="280" count="574" type="stmt"/>
        <line num="281" count="574" type="stmt"/>
        <line num="282" count="574" type="stmt"/>
        <line num="283" count="574" type="stmt"/>
        <line num="284" count="574" type="stmt"/>
        <line num="285" count="574" type="stmt"/>
        <line num="286" count="574" type="stmt"/>
        <line num="287" count="574" type="stmt"/>
        <line num="300" count="36" type="cond" truecount="1" falsecount="0"/>
        <line num="301" count="509" type="stmt"/>
        <line num="302" count="509" type="stmt"/>
        <line num="303" count="509" type="stmt"/>
        <line num="305" count="36" type="stmt"/>
        <line num="306" count="0" type="stmt"/>
        <line num="307" count="0" type="stmt"/>
        <line num="316" count="36" type="cond" truecount="1" falsecount="0"/>
        <line num="317" count="131" type="stmt"/>
        <line num="318" count="131" type="stmt"/>
        <line num="320" count="36" type="stmt"/>
        <line num="322" count="36" type="stmt"/>
        <line num="323" count="36" type="stmt"/>
        <line num="324" count="36" type="stmt"/>
        <line num="325" count="36" type="stmt"/>
        <line num="326" count="36" type="stmt"/>
        <line num="328" count="36" type="stmt"/>
        <line num="329" count="0" type="stmt"/>
        <line num="330" count="0" type="stmt"/>
        <line num="336" count="36" type="cond" truecount="1" falsecount="0"/>
        <line num="337" count="18771" type="cond" truecount="1" falsecount="0"/>
        <line num="341" count="18771" type="cond" truecount="3" falsecount="0"/>
        <line num="342" count="18771" type="stmt"/>
        <line num="349" count="36" type="cond" truecount="1" falsecount="0"/>
        <line num="350" count="2964" type="cond" truecount="2" falsecount="0"/>
        <line num="351" count="2964" type="stmt"/>
        <line num="353" count="36" type="cond" truecount="1" falsecount="0"/>
        <line num="354" count="103572" type="stmt"/>
        <line num="355" count="103572" type="stmt"/>
        <line num="356" count="36" type="stmt"/>
        <line num="357" count="36" type="stmt"/>
        <line num="358" count="1" type="stmt"/>
      </file>
    </package>
    <package name="lib.anim">
      <metrics statements="199" coveredstatements="42" conditionals="0" coveredconditionals="0" methods="25" coveredmethods="0"/>
      <file name="Tween.ts" path="/Users/rbb/_PROJECTS/_EXPERIMENTAL/paper2/packages/paper2/lib/anim/Tween.ts">
        <metrics statements="199" coveredstatements="42" conditionals="0" coveredconditionals="0" methods="25" coveredmethods="0"/>
        <line num="16" count="1" type="stmt"/>
        <line num="17" count="1" type="stmt"/>
        <line num="18" count="1" type="stmt"/>
        <line num="34" count="1" type="stmt"/>
        <line num="35" count="1" type="stmt"/>
        <line num="36" count="1" type="stmt"/>
        <line num="37" count="1" type="stmt"/>
        <line num="39" count="1" type="stmt"/>
        <line num="40" count="1" type="stmt"/>
        <line num="42" count="1" type="stmt"/>
        <line num="43" count="0" type="stmt"/>
        <line num="44" count="0" type="stmt"/>
        <line num="47" count="1" type="stmt"/>
        <line num="48" count="0" type="stmt"/>
        <line num="49" count="0" type="stmt"/>
        <line num="52" count="1" type="stmt"/>
        <line num="53" count="0" type="stmt"/>
        <line num="54" count="0" type="stmt"/>
        <line num="57" count="1" type="stmt"/>
        <line num="58" count="0" type="stmt"/>
        <line num="59" count="0" type="stmt"/>
        <line num="62" count="1" type="stmt"/>
        <line num="63" count="0" type="stmt"/>
        <line num="64" count="0" type="stmt"/>
        <line num="67" count="1" type="stmt"/>
        <line num="68" count="0" type="stmt"/>
        <line num="69" count="0" type="stmt"/>
        <line num="72" count="1" type="stmt"/>
        <line num="73" count="0" type="stmt"/>
        <line num="74" count="0" type="stmt"/>
        <line num="77" count="1" type="stmt"/>
        <line num="78" count="0" type="stmt"/>
        <line num="79" count="0" type="stmt"/>
        <line num="82" count="1" type="stmt"/>
        <line num="83" count="0" type="stmt"/>
        <line num="84" count="0" type="stmt"/>
        <line num="87" count="1" type="stmt"/>
        <line num="88" count="0" type="stmt"/>
        <line num="89" count="0" type="stmt"/>
        <line num="92" count="1" type="stmt"/>
        <line num="93" count="0" type="stmt"/>
        <line num="94" count="0" type="stmt"/>
        <line num="97" count="1" type="stmt"/>
        <line num="98" count="0" type="stmt"/>
        <line num="99" count="0" type="stmt"/>
        <line num="102" count="1" type="stmt"/>
        <line num="103" count="0" type="stmt"/>
        <line num="104" count="0" type="stmt"/>
        <line num="105" count="1" type="stmt"/>
        <line num="106" count="1" type="stmt"/>
        <line num="120" count="1" type="stmt"/>
        <line num="121" count="0" type="stmt"/>
        <line num="122" count="0" type="stmt"/>
        <line num="123" count="0" type="stmt"/>
        <line num="124" count="0" type="stmt"/>
        <line num="126" count="0" type="stmt"/>
        <line num="127" count="0" type="stmt"/>
        <line num="128" count="0" type="stmt"/>
        <line num="130" count="0" type="stmt"/>
        <line num="131" count="0" type="stmt"/>
        <line num="132" count="0" type="stmt"/>
        <line num="133" count="0" type="stmt"/>
        <line num="134" count="0" type="stmt"/>
        <line num="135" count="0" type="stmt"/>
        <line num="136" count="0" type="stmt"/>
        <line num="137" count="0" type="stmt"/>
        <line num="138" count="0" type="stmt"/>
        <line num="139" count="0" type="stmt"/>
        <line num="140" count="0" type="stmt"/>
        <line num="163" count="1" type="stmt"/>
        <line num="167" count="0" type="stmt"/>
        <line num="168" count="0" type="stmt"/>
        <line num="169" count="0" type="stmt"/>
        <line num="188" count="1" type="stmt"/>
        <line num="189" count="0" type="stmt"/>
        <line num="190" count="0" type="stmt"/>
        <line num="191" count="0" type="stmt"/>
        <line num="192" count="0" type="stmt"/>
        <line num="213" count="1" type="stmt"/>
        <line num="214" count="0" type="stmt"/>
        <line num="215" count="0" type="stmt"/>
        <line num="216" count="0" type="stmt"/>
        <line num="219" count="1" type="stmt"/>
        <line num="220" count="0" type="stmt"/>
        <line num="221" count="0" type="stmt"/>
        <line num="223" count="0" type="stmt"/>
        <line num="224" count="0" type="stmt"/>
        <line num="225" count="0" type="stmt"/>
        <line num="227" count="0" type="stmt"/>
        <line num="228" count="0" type="stmt"/>
        <line num="229" count="0" type="stmt"/>
        <line num="230" count="0" type="stmt"/>
        <line num="231" count="0" type="stmt"/>
        <line num="232" count="0" type="stmt"/>
        <line num="233" count="0" type="stmt"/>
        <line num="234" count="0" type="stmt"/>
        <line num="235" count="0" type="stmt"/>
        <line num="238" count="0" type="stmt"/>
        <line num="239" count="0" type="stmt"/>
        <line num="240" count="0" type="stmt"/>
        <line num="241" count="0" type="stmt"/>
        <line num="242" count="0" type="stmt"/>
        <line num="243" count="0" type="stmt"/>
        <line num="247" count="0" type="stmt"/>
        <line num="248" count="0" type="stmt"/>
        <line num="249" count="0" type="stmt"/>
        <line num="250" count="0" type="stmt"/>
        <line num="251" count="0" type="stmt"/>
        <line num="252" count="0" type="stmt"/>
        <line num="253" count="0" type="stmt"/>
        <line num="254" count="0" type="stmt"/>
        <line num="255" count="0" type="stmt"/>
        <line num="256" count="0" type="stmt"/>
        <line num="258" count="0" type="stmt"/>
        <line num="259" count="0" type="stmt"/>
        <line num="260" count="0" type="stmt"/>
        <line num="261" count="0" type="stmt"/>
        <line num="262" count="0" type="stmt"/>
        <line num="302" count="1" type="stmt"/>
        <line num="303" count="1" type="stmt"/>
        <line num="304" count="1" type="stmt"/>
        <line num="306" count="1" type="stmt"/>
        <line num="307" count="0" type="stmt"/>
        <line num="308" count="0" type="stmt"/>
        <line num="309" count="0" type="stmt"/>
        <line num="310" count="0" type="stmt"/>
        <line num="311" count="0" type="stmt"/>
        <line num="312" count="0" type="stmt"/>
        <line num="313" count="0" type="stmt"/>
        <line num="315" count="1" type="stmt"/>
        <line num="316" count="0" type="stmt"/>
        <line num="317" count="0" type="stmt"/>
        <line num="318" count="0" type="stmt"/>
        <line num="319" count="0" type="stmt"/>
        <line num="320" count="0" type="stmt"/>
        <line num="321" count="0" type="stmt"/>
        <line num="322" count="0" type="stmt"/>
        <line num="323" count="0" type="stmt"/>
        <line num="324" count="0" type="stmt"/>
        <line num="327" count="0" type="stmt"/>
        <line num="328" count="0" type="stmt"/>
        <line num="330" count="0" type="stmt"/>
        <line num="331" count="0" type="stmt"/>
        <line num="332" count="0" type="stmt"/>
        <line num="335" count="0" type="stmt"/>
        <line num="336" count="0" type="stmt"/>
        <line num="337" count="0" type="stmt"/>
        <line num="338" count="0" type="stmt"/>
        <line num="339" count="0" type="stmt"/>
        <line num="340" count="0" type="stmt"/>
        <line num="342" count="1" type="stmt"/>
        <line num="343" count="0" type="stmt"/>
        <line num="344" count="0" type="stmt"/>
        <line num="345" count="0" type="stmt"/>
        <line num="346" count="0" type="stmt"/>
        <line num="347" count="0" type="stmt"/>
        <line num="350" count="0" type="stmt"/>
        <line num="351" count="0" type="stmt"/>
        <line num="352" count="0" type="stmt"/>
        <line num="353" count="0" type="stmt"/>
        <line num="354" count="0" type="stmt"/>
        <line num="355" count="0" type="stmt"/>
        <line num="356" count="0" type="stmt"/>
        <line num="357" count="0" type="stmt"/>
        <line num="358" count="0" type="stmt"/>
        <line num="359" count="0" type="stmt"/>
        <line num="360" count="0" type="stmt"/>
        <line num="361" count="0" type="stmt"/>
        <line num="362" count="0" type="stmt"/>
        <line num="364" count="1" type="stmt"/>
        <line num="365" count="0" type="stmt"/>
        <line num="366" count="0" type="stmt"/>
        <line num="368" count="1" type="stmt"/>
        <line num="369" count="0" type="stmt"/>
        <line num="370" count="0" type="stmt"/>
        <line num="371" count="0" type="stmt"/>
        <line num="372" count="0" type="stmt"/>
        <line num="374" count="0" type="stmt"/>
        <line num="376" count="0" type="stmt"/>
        <line num="377" count="0" type="stmt"/>
        <line num="378" count="0" type="stmt"/>
        <line num="379" count="0" type="stmt"/>
        <line num="380" count="0" type="stmt"/>
        <line num="382" count="1" type="stmt"/>
        <line num="383" count="0" type="stmt"/>
        <line num="384" count="0" type="stmt"/>
        <line num="385" count="0" type="stmt"/>
        <line num="386" count="0" type="stmt"/>
        <line num="387" count="0" type="stmt"/>
        <line num="388" count="0" type="stmt"/>
        <line num="390" count="1" type="stmt"/>
        <line num="391" count="0" type="stmt"/>
        <line num="392" count="0" type="stmt"/>
        <line num="393" count="0" type="stmt"/>
        <line num="394" count="0" type="stmt"/>
        <line num="395" count="0" type="stmt"/>
        <line num="396" count="1" type="stmt"/>
        <line num="397" count="1" type="stmt"/>
        <line num="399" count="1" type="stmt"/>
      </file>
    </package>
    <package name="lib.basic">
      <metrics statements="1348" coveredstatements="1241" conditionals="431" coveredconditionals="397" methods="174" coveredmethods="146"/>
      <file name="Line.ts" path="/Users/rbb/_PROJECTS/_EXPERIMENTAL/paper2/packages/paper2/lib/basic/Line.ts">
        <metrics statements="125" coveredstatements="109" conditionals="44" coveredconditionals="42" methods="14" coveredmethods="10"/>
        <line num="16" count="1" type="stmt"/>
        <line num="17" count="1" type="stmt"/>
        <line num="18" count="1" type="stmt"/>
        <line num="25" count="1" type="stmt"/>
        <line num="26" count="1" type="stmt"/>
        <line num="27" count="1" type="stmt"/>
        <line num="37" count="1" type="cond" truecount="1" falsecount="0"/>
        <line num="38" count="13184" type="stmt"/>
        <line num="39" count="13184" type="cond" truecount="0" falsecount="1"/>
        <line num="40" count="0" type="stmt"/>
        <line num="41" count="0" type="stmt"/>
        <line num="42" count="0" type="stmt"/>
        <line num="43" count="0" type="stmt"/>
        <line num="44" count="0" type="stmt"/>
        <line num="45" count="13184" type="stmt"/>
        <line num="46" count="13184" type="stmt"/>
        <line num="47" count="13184" type="stmt"/>
        <line num="48" count="13184" type="stmt"/>
        <line num="49" count="13184" type="stmt"/>
        <line num="50" count="13184" type="stmt"/>
        <line num="51" count="13184" type="stmt"/>
        <line num="52" count="13184" type="cond" truecount="1" falsecount="0"/>
        <line num="53" count="4080" type="stmt"/>
        <line num="54" count="4080" type="stmt"/>
        <line num="55" count="4080" type="stmt"/>
        <line num="56" count="13184" type="stmt"/>
        <line num="64" count="1" type="stmt"/>
        <line num="65" count="0" type="stmt"/>
        <line num="66" count="0" type="stmt"/>
        <line num="74" count="1" type="stmt"/>
        <line num="75" count="0" type="stmt"/>
        <line num="76" count="0" type="stmt"/>
        <line num="84" count="1" type="stmt"/>
        <line num="85" count="0" type="stmt"/>
        <line num="86" count="0" type="stmt"/>
        <line num="94" count="1" type="cond" truecount="1" falsecount="0"/>
        <line num="95" count="4555" type="stmt"/>
        <line num="96" count="4555" type="stmt"/>
        <line num="97" count="4555" type="stmt"/>
        <line num="98" count="4555" type="stmt"/>
        <line num="99" count="4555" type="stmt"/>
        <line num="100" count="4555" type="stmt"/>
        <line num="101" count="4555" type="stmt"/>
        <line num="102" count="4555" type="stmt"/>
        <line num="103" count="4555" type="stmt"/>
        <line num="104" count="4555" type="stmt"/>
        <line num="105" count="4555" type="stmt"/>
        <line num="106" count="4555" type="stmt"/>
        <line num="107" count="4555" type="stmt"/>
        <line num="115" count="1" type="cond" truecount="1" falsecount="0"/>
        <line num="116" count="53" type="stmt"/>
        <line num="117" count="53" type="stmt"/>
        <line num="124" count="1" type="cond" truecount="1" falsecount="0"/>
        <line num="125" count="400" type="stmt"/>
        <line num="126" count="400" type="stmt"/>
        <line num="133" count="1" type="cond" truecount="1" falsecount="0"/>
        <line num="134" count="400" type="stmt"/>
        <line num="135" count="400" type="stmt"/>
        <line num="137" count="1" type="cond" truecount="1" falsecount="0"/>
        <line num="138" count="1923" type="stmt"/>
        <line num="139" count="1923" type="stmt"/>
        <line num="141" count="1" type="stmt"/>
        <line num="142" count="0" type="stmt"/>
        <line num="143" count="0" type="stmt"/>
        <line num="145" count="1" type="stmt"/>
        <line num="146" count="1" type="cond" truecount="1" falsecount="0"/>
        <line num="148" count="6548" type="cond" truecount="1" falsecount="0"/>
        <line num="149" count="1993" type="stmt"/>
        <line num="150" count="1993" type="stmt"/>
        <line num="151" count="1993" type="stmt"/>
        <line num="152" count="1993" type="stmt"/>
        <line num="153" count="1993" type="stmt"/>
        <line num="154" count="6548" type="stmt"/>
        <line num="156" count="6548" type="cond" truecount="1" falsecount="0"/>
        <line num="157" count="6252" type="stmt"/>
        <line num="158" count="6252" type="stmt"/>
        <line num="159" count="6252" type="stmt"/>
        <line num="160" count="6252" type="stmt"/>
        <line num="164" count="6252" type="stmt"/>
        <line num="165" count="6252" type="stmt"/>
        <line num="166" count="6252" type="stmt"/>
        <line num="167" count="6252" type="cond" truecount="5" falsecount="0"/>
        <line num="168" count="6000" type="cond" truecount="1" falsecount="0"/>
        <line num="171" count="1690" type="cond" truecount="4" falsecount="0"/>
        <line num="172" count="1690" type="stmt"/>
        <line num="173" count="6000" type="stmt"/>
        <line num="174" count="6000" type="stmt"/>
        <line num="175" count="6252" type="stmt"/>
        <line num="176" count="6548" type="stmt"/>
        <line num="178" count="1" type="cond" truecount="1" falsecount="0"/>
        <line num="179" count="53" type="cond" truecount="0" falsecount="1"/>
        <line num="180" count="0" type="stmt"/>
        <line num="181" count="0" type="stmt"/>
        <line num="182" count="0" type="stmt"/>
        <line num="183" count="53" type="stmt"/>
        <line num="184" count="53" type="stmt"/>
        <line num="186" count="53" type="stmt"/>
        <line num="187" count="53" type="cond" truecount="2" falsecount="0"/>
        <line num="193" count="3" type="stmt"/>
        <line num="196" count="3" type="cond" truecount="2" falsecount="0"/>
        <line num="197" count="3" type="stmt"/>
        <line num="198" count="53" type="cond" truecount="4" falsecount="0"/>
        <line num="199" count="53" type="stmt"/>
        <line num="201" count="1" type="cond" truecount="1" falsecount="0"/>
        <line num="202" count="907662" type="cond" truecount="1" falsecount="0"/>
        <line num="203" count="898536" type="stmt"/>
        <line num="204" count="898536" type="stmt"/>
        <line num="205" count="898536" type="stmt"/>
        <line num="207" count="907662" type="cond" truecount="1" falsecount="0"/>
        <line num="208" count="22824" type="cond" truecount="1" falsecount="0"/>
        <line num="209" count="952" type="cond" truecount="1" falsecount="0"/>
        <line num="210" count="21872" type="cond" truecount="1" falsecount="0"/>
        <line num="211" count="884838" type="cond" truecount="1" falsecount="0"/>
        <line num="212" count="1681" type="cond" truecount="1" falsecount="0"/>
        <line num="213" count="834" type="cond" truecount="1" falsecount="0"/>
        <line num="214" count="847" type="cond" truecount="1" falsecount="0"/>
        <line num="215" count="883157" type="stmt"/>
        <line num="216" count="883157" type="cond" truecount="2" falsecount="0"/>
        <line num="217" count="907662" type="stmt"/>
        <line num="219" count="1" type="cond" truecount="1" falsecount="0"/>
        <line num="220" count="8726" type="stmt"/>
        <line num="221" count="8726" type="stmt"/>
        <line num="222" count="1" type="stmt"/>
        <line num="223" count="1" type="stmt"/>
        <line num="224" count="1" type="stmt"/>
      </file>
      <file name="Matrix.ts" path="/Users/rbb/_PROJECTS/_EXPERIMENTAL/paper2/packages/paper2/lib/basic/Matrix.ts">
        <metrics statements="393" coveredstatements="368" conditionals="99" coveredconditionals="92" methods="40" coveredmethods="35"/>
        <line num="21" count="1" type="stmt"/>
        <line num="22" count="1" type="stmt"/>
        <line num="23" count="1" type="stmt"/>
        <line num="24" count="1" type="stmt"/>
        <line num="25" count="1" type="stmt"/>
        <line num="50" count="1" type="stmt"/>
        <line num="51" count="1" type="stmt"/>
        <line num="52" count="1" type="stmt"/>
        <line num="83" count="1" type="cond" truecount="1" falsecount="0"/>
        <line num="84" count="9639" type="stmt"/>
        <line num="85" count="9639" type="stmt"/>
        <line num="86" count="9639" type="stmt"/>
        <line num="87" count="9639" type="cond" truecount="1" falsecount="0"/>
        <line num="89" count="2937" type="stmt"/>
        <line num="90" count="9639" type="cond" truecount="3" falsecount="0"/>
        <line num="93" count="1029" type="cond" truecount="1" falsecount="0"/>
        <line num="94" count="1024" type="stmt"/>
        <line num="95" count="1024" type="stmt"/>
        <line num="96" count="1024" type="stmt"/>
        <line num="97" count="1024" type="stmt"/>
        <line num="98" count="1024" type="stmt"/>
        <line num="99" count="1024" type="stmt"/>
        <line num="100" count="1024" type="stmt"/>
        <line num="101" count="1024" type="stmt"/>
        <line num="102" count="1024" type="stmt"/>
        <line num="103" count="1029" type="cond" truecount="1" falsecount="0"/>
        <line num="104" count="5" type="cond" truecount="0" falsecount="1"/>
        <line num="105" count="5" type="cond" truecount="0" falsecount="1"/>
        <line num="106" count="0" type="stmt"/>
        <line num="107" count="0" type="stmt"/>
        <line num="108" count="6702" type="cond" truecount="1" falsecount="0"/>
        <line num="109" count="5673" type="stmt"/>
        <line num="110" count="5673" type="cond" truecount="0" falsecount="1"/>
        <line num="111" count="0" type="stmt"/>
        <line num="112" count="0" type="stmt"/>
        <line num="113" count="9639" type="cond" truecount="0" falsecount="1"/>
        <line num="114" count="0" type="stmt"/>
        <line num="115" count="0" type="stmt"/>
        <line num="116" count="9639" type="stmt"/>
        <line num="117" count="9639" type="stmt"/>
        <line num="128" count="1" type="stmt"/>
        <line num="131" count="1" type="cond" truecount="1" falsecount="0"/>
        <line num="132" count="3966" type="stmt"/>
        <line num="133" count="3966" type="stmt"/>
        <line num="134" count="3966" type="stmt"/>
        <line num="135" count="3966" type="stmt"/>
        <line num="136" count="3966" type="stmt"/>
        <line num="137" count="3966" type="stmt"/>
        <line num="138" count="3966" type="cond" truecount="1" falsecount="0"/>
        <line num="139" count="3966" type="stmt"/>
        <line num="140" count="3966" type="stmt"/>
        <line num="142" count="1" type="cond" truecount="1" falsecount="0"/>
        <line num="143" count="4" type="stmt"/>
        <line num="144" count="4" type="stmt"/>
        <line num="146" count="1" type="cond" truecount="1" falsecount="0"/>
        <line num="147" count="13262" type="stmt"/>
        <line num="148" count="13262" type="cond" truecount="1" falsecount="0"/>
        <line num="150" count="395" type="cond" truecount="1" falsecount="0"/>
        <line num="151" count="2" type="stmt"/>
        <line num="152" count="395" type="cond" truecount="1" falsecount="0"/>
        <line num="153" count="393" type="stmt"/>
        <line num="154" count="393" type="stmt"/>
        <line num="155" count="395" type="stmt"/>
        <line num="156" count="13262" type="stmt"/>
        <line num="161" count="1" type="cond" truecount="1" falsecount="0"/>
        <line num="162" count="2277" type="stmt"/>
        <line num="163" count="2277" type="stmt"/>
        <line num="171" count="1" type="cond" truecount="1" falsecount="0"/>
        <line num="172" count="106" type="stmt"/>
        <line num="173" count="106" type="cond" truecount="1" falsecount="0"/>
        <line num="174" count="104" type="cond" truecount="1" falsecount="0"/>
        <line num="175" count="72" type="cond" truecount="1" falsecount="0"/>
        <line num="176" count="69" type="cond" truecount="1" falsecount="0"/>
        <line num="177" count="69" type="cond" truecount="1" falsecount="0"/>
        <line num="178" count="69" type="cond" truecount="1" falsecount="0"/>
        <line num="179" count="69" type="cond" truecount="1" falsecount="0"/>
        <line num="180" count="67" type="stmt"/>
        <line num="182" count="106" type="stmt"/>
        <line num="187" count="1" type="stmt"/>
        <line num="188" count="0" type="stmt"/>
        <line num="189" count="0" type="stmt"/>
        <line num="190" count="0" type="stmt"/>
        <line num="191" count="0" type="stmt"/>
        <line num="192" count="0" type="stmt"/>
        <line num="193" count="0" type="stmt"/>
        <line num="194" count="0" type="stmt"/>
        <line num="196" count="0" type="stmt"/>
        <line num="202" count="1" type="cond" truecount="1" falsecount="0"/>
        <line num="203" count="6528" type="stmt"/>
        <line num="204" count="6528" type="stmt"/>
        <line num="205" count="6528" type="cond" truecount="1" falsecount="0"/>
        <line num="206" count="6528" type="stmt"/>
        <line num="207" count="6528" type="stmt"/>
        <line num="217" count="1" type="cond" truecount="1" falsecount="0"/>
        <line num="218" count="13" type="stmt"/>
        <line num="219" count="13" type="stmt"/>
        <line num="220" count="13" type="stmt"/>
        <line num="222" count="13" type="stmt"/>
        <line num="223" count="13" type="cond" truecount="0" falsecount="1"/>
        <line num="224" count="0" type="stmt"/>
        <line num="225" count="13" type="stmt"/>
        <line num="244" count="1" type="cond" truecount="1" falsecount="0"/>
        <line num="245" count="1177" type="stmt"/>
        <line num="246" count="1177" type="stmt"/>
        <line num="247" count="1177" type="stmt"/>
        <line num="248" count="1177" type="stmt"/>
        <line num="249" count="1177" type="stmt"/>
        <line num="250" count="1177" type="stmt"/>
        <line num="251" count="1177" type="stmt"/>
        <line num="252" count="1177" type="stmt"/>
        <line num="273" count="1" type="cond" truecount="1" falsecount="0"/>
        <line num="274" count="809" type="stmt"/>
        <line num="275" count="809" type="stmt"/>
        <line num="276" count="809" type="stmt"/>
        <line num="277" count="809" type="cond" truecount="1" falsecount="0"/>
        <line num="278" count="809" type="stmt"/>
        <line num="279" count="809" type="stmt"/>
        <line num="280" count="809" type="stmt"/>
        <line num="281" count="809" type="stmt"/>
        <line num="282" count="809" type="cond" truecount="1" falsecount="0"/>
        <line num="283" count="809" type="stmt"/>
        <line num="284" count="809" type="stmt"/>
        <line num="285" count="809" type="stmt"/>
        <line num="308" count="1" type="cond" truecount="1" falsecount="0"/>
        <line num="309" count="106" type="stmt"/>
        <line num="310" count="106" type="stmt"/>
        <line num="312" count="106" type="stmt"/>
        <line num="313" count="106" type="stmt"/>
        <line num="314" count="106" type="stmt"/>
        <line num="315" count="106" type="stmt"/>
        <line num="316" count="106" type="stmt"/>
        <line num="317" count="106" type="stmt"/>
        <line num="318" count="106" type="stmt"/>
        <line num="319" count="106" type="stmt"/>
        <line num="320" count="106" type="stmt"/>
        <line num="321" count="106" type="stmt"/>
        <line num="322" count="106" type="stmt"/>
        <line num="323" count="106" type="stmt"/>
        <line num="324" count="106" type="stmt"/>
        <line num="325" count="106" type="stmt"/>
        <line num="326" count="106" type="stmt"/>
        <line num="327" count="106" type="stmt"/>
        <line num="328" count="106" type="stmt"/>
        <line num="329" count="106" type="stmt"/>
        <line num="330" count="106" type="stmt"/>
        <line num="351" count="1" type="cond" truecount="1" falsecount="0"/>
        <line num="354" count="2" type="stmt"/>
        <line num="355" count="2" type="stmt"/>
        <line num="356" count="2" type="stmt"/>
        <line num="357" count="2" type="stmt"/>
        <line num="358" count="2" type="stmt"/>
        <line num="359" count="2" type="stmt"/>
        <line num="360" count="2" type="stmt"/>
        <line num="361" count="2" type="stmt"/>
        <line num="362" count="2" type="stmt"/>
        <line num="363" count="2" type="stmt"/>
        <line num="364" count="2" type="stmt"/>
        <line num="365" count="2" type="stmt"/>
        <line num="366" count="2" type="stmt"/>
        <line num="367" count="2" type="stmt"/>
        <line num="388" count="1" type="cond" truecount="1" falsecount="0"/>
        <line num="389" count="1" type="stmt"/>
        <line num="390" count="1" type="stmt"/>
        <line num="391" count="1" type="stmt"/>
        <line num="392" count="1" type="stmt"/>
        <line num="393" count="1" type="stmt"/>
        <line num="394" count="1" type="stmt"/>
        <line num="395" count="1" type="stmt"/>
        <line num="404" count="1" type="cond" truecount="1" falsecount="0"/>
        <line num="405" count="1808" type="stmt"/>
        <line num="406" count="1808" type="stmt"/>
        <line num="407" count="1808" type="stmt"/>
        <line num="408" count="1808" type="stmt"/>
        <line num="409" count="1808" type="stmt"/>
        <line num="410" count="1808" type="stmt"/>
        <line num="411" count="1808" type="stmt"/>
        <line num="412" count="1808" type="stmt"/>
        <line num="413" count="1808" type="stmt"/>
        <line num="414" count="1808" type="stmt"/>
        <line num="415" count="1808" type="stmt"/>
        <line num="416" count="1808" type="stmt"/>
        <line num="417" count="1808" type="stmt"/>
        <line num="418" count="1808" type="stmt"/>
        <line num="419" count="1808" type="stmt"/>
        <line num="420" count="1808" type="stmt"/>
        <line num="421" count="1808" type="stmt"/>
        <line num="422" count="1808" type="stmt"/>
        <line num="423" count="1808" type="stmt"/>
        <line num="424" count="1808" type="stmt"/>
        <line num="425" count="1808" type="stmt"/>
        <line num="434" count="1" type="cond" truecount="1" falsecount="0"/>
        <line num="435" count="611" type="cond" truecount="1" falsecount="0"/>
        <line num="436" count="593" type="stmt"/>
        <line num="437" count="593" type="stmt"/>
        <line num="438" count="593" type="stmt"/>
        <line num="439" count="593" type="stmt"/>
        <line num="440" count="593" type="stmt"/>
        <line num="441" count="593" type="stmt"/>
        <line num="442" count="593" type="stmt"/>
        <line num="443" count="593" type="stmt"/>
        <line num="444" count="593" type="stmt"/>
        <line num="445" count="593" type="stmt"/>
        <line num="446" count="593" type="stmt"/>
        <line num="447" count="593" type="stmt"/>
        <line num="448" count="593" type="stmt"/>
        <line num="449" count="593" type="stmt"/>
        <line num="450" count="593" type="stmt"/>
        <line num="451" count="593" type="stmt"/>
        <line num="452" count="593" type="stmt"/>
        <line num="453" count="593" type="stmt"/>
        <line num="454" count="593" type="cond" truecount="1" falsecount="0"/>
        <line num="455" count="593" type="stmt"/>
        <line num="456" count="611" type="stmt"/>
        <line num="457" count="611" type="stmt"/>
        <line num="467" count="1" type="cond" truecount="1" falsecount="0"/>
        <line num="468" count="1789" type="stmt"/>
        <line num="469" count="1789" type="stmt"/>
        <line num="479" count="1" type="cond" truecount="1" falsecount="0"/>
        <line num="480" count="49" type="stmt"/>
        <line num="481" count="49" type="stmt"/>
        <line num="490" count="1" type="cond" truecount="1" falsecount="0"/>
        <line num="491" count="687" type="stmt"/>
        <line num="492" count="687" type="stmt"/>
        <line num="493" count="687" type="stmt"/>
        <line num="494" count="687" type="stmt"/>
        <line num="495" count="687" type="stmt"/>
        <line num="496" count="687" type="stmt"/>
        <line num="497" count="687" type="stmt"/>
        <line num="498" count="687" type="stmt"/>
        <line num="499" count="687" type="cond" truecount="4" falsecount="0"/>
        <line num="500" count="686" type="stmt"/>
        <line num="501" count="686" type="stmt"/>
        <line num="502" count="686" type="stmt"/>
        <line num="503" count="686" type="stmt"/>
        <line num="504" count="686" type="stmt"/>
        <line num="505" count="686" type="stmt"/>
        <line num="506" count="686" type="stmt"/>
        <line num="507" count="686" type="stmt"/>
        <line num="508" count="687" type="stmt"/>
        <line num="509" count="687" type="stmt"/>
        <line num="518" count="1" type="cond" truecount="1" falsecount="0"/>
        <line num="519" count="46" type="stmt"/>
        <line num="520" count="46" type="stmt"/>
        <line num="525" count="1" type="stmt"/>
        <line num="529" count="1" type="stmt"/>
        <line num="533" count="1" type="stmt"/>
        <line num="542" count="1" type="cond" truecount="1" falsecount="0"/>
        <line num="543" count="658" type="stmt"/>
        <line num="544" count="658" type="stmt"/>
        <line num="546" count="1" type="cond" truecount="1" falsecount="0"/>
        <line num="547" count="5409" type="cond" truecount="2" falsecount="0"/>
        <line num="548" count="5409" type="stmt"/>
        <line num="553" count="1" type="cond" truecount="1" falsecount="0"/>
        <line num="554" count="9267" type="cond" truecount="5" falsecount="0"/>
        <line num="555" count="9267" type="stmt"/>
        <line num="563" count="1" type="cond" truecount="1" falsecount="0"/>
        <line num="564" count="2381" type="stmt"/>
        <line num="565" count="2381" type="cond" truecount="3" falsecount="0"/>
        <line num="566" count="2381" type="stmt"/>
        <line num="574" count="1" type="stmt"/>
        <line num="575" count="0" type="stmt"/>
        <line num="576" count="0" type="stmt"/>
        <line num="599" count="1" type="cond" truecount="1" falsecount="0"/>
        <line num="600" count="50" type="stmt"/>
        <line num="602" count="50" type="cond" truecount="0" falsecount="1"/>
        <line num="603" count="0" type="stmt"/>
        <line num="604" count="50" type="stmt"/>
        <line num="610" count="1" type="cond" truecount="1" falsecount="0"/>
        <line num="611" count="1477" type="stmt"/>
        <line num="612" count="1477" type="stmt"/>
        <line num="613" count="1477" type="cond" truecount="1" falsecount="0"/>
        <line num="614" count="1477" type="stmt"/>
        <line num="615" count="1477" type="stmt"/>
        <line num="617" count="1" type="cond" truecount="1" falsecount="0"/>
        <line num="618" count="4396" type="cond" truecount="1" falsecount="0"/>
        <line num="619" count="10023" type="stmt"/>
        <line num="620" count="10023" type="stmt"/>
        <line num="621" count="10023" type="stmt"/>
        <line num="622" count="10023" type="stmt"/>
        <line num="623" count="10023" type="stmt"/>
        <line num="624" count="4396" type="stmt"/>
        <line num="625" count="4396" type="stmt"/>
        <line num="627" count="1" type="cond" truecount="1" falsecount="0"/>
        <line num="628" count="364" type="stmt"/>
        <line num="629" count="364" type="stmt"/>
        <line num="630" count="364" type="stmt"/>
        <line num="631" count="364" type="stmt"/>
        <line num="632" count="364" type="stmt"/>
        <line num="633" count="364" type="stmt"/>
        <line num="634" count="364" type="stmt"/>
        <line num="641" count="1" type="cond" truecount="1" falsecount="0"/>
        <line num="642" count="364" type="stmt"/>
        <line num="643" count="364" type="stmt"/>
        <line num="644" count="364" type="stmt"/>
        <line num="645" count="364" type="cond" truecount="1" falsecount="0"/>
        <line num="646" count="2184" type="stmt"/>
        <line num="647" count="2184" type="stmt"/>
        <line num="648" count="2184" type="cond" truecount="1" falsecount="0"/>
        <line num="649" count="26" type="stmt"/>
        <line num="650" count="2184" type="cond" truecount="2" falsecount="0"/>
        <line num="651" count="729" type="stmt"/>
        <line num="652" count="729" type="stmt"/>
        <line num="653" count="2184" type="stmt"/>
        <line num="654" count="364" type="cond" truecount="1" falsecount="0"/>
        <line num="655" count="364" type="stmt"/>
        <line num="656" count="364" type="stmt"/>
        <line num="664" count="1" type="stmt"/>
        <line num="665" count="0" type="stmt"/>
        <line num="666" count="0" type="stmt"/>
        <line num="668" count="1" type="cond" truecount="1" falsecount="0"/>
        <line num="669" count="1320" type="stmt"/>
        <line num="670" count="1320" type="stmt"/>
        <line num="671" count="1320" type="stmt"/>
        <line num="672" count="1320" type="stmt"/>
        <line num="673" count="1320" type="stmt"/>
        <line num="674" count="1320" type="stmt"/>
        <line num="675" count="1320" type="stmt"/>
        <line num="676" count="1320" type="stmt"/>
        <line num="677" count="1320" type="cond" truecount="4" falsecount="0"/>
        <line num="678" count="1319" type="stmt"/>
        <line num="679" count="1319" type="stmt"/>
        <line num="680" count="1319" type="stmt"/>
        <line num="681" count="1319" type="stmt"/>
        <line num="682" count="1319" type="stmt"/>
        <line num="683" count="1320" type="stmt"/>
        <line num="684" count="1320" type="stmt"/>
        <line num="693" count="1" type="cond" truecount="1" falsecount="0"/>
        <line num="697" count="216" type="stmt"/>
        <line num="698" count="216" type="stmt"/>
        <line num="699" count="216" type="stmt"/>
        <line num="700" count="216" type="stmt"/>
        <line num="701" count="216" type="stmt"/>
        <line num="702" count="216" type="stmt"/>
        <line num="703" count="216" type="stmt"/>
        <line num="704" count="216" type="stmt"/>
        <line num="705" count="216" type="stmt"/>
        <line num="706" count="216" type="stmt"/>
        <line num="707" count="216" type="stmt"/>
        <line num="708" count="216" type="cond" truecount="2" falsecount="0"/>
        <line num="709" count="212" type="stmt"/>
        <line num="710" count="212" type="cond" truecount="2" falsecount="0"/>
        <line num="711" count="212" type="stmt"/>
        <line num="712" count="212" type="stmt"/>
        <line num="713" count="216" type="cond" truecount="2" falsecount="0"/>
        <line num="714" count="1" type="stmt"/>
        <line num="716" count="1" type="cond" truecount="0" falsecount="1"/>
        <line num="717" count="1" type="stmt"/>
        <line num="718" count="1" type="stmt"/>
        <line num="719" count="4" type="cond" truecount="1" falsecount="0"/>
        <line num="721" count="3" type="stmt"/>
        <line num="722" count="3" type="stmt"/>
        <line num="723" count="3" type="stmt"/>
        <line num="724" count="216" type="stmt"/>
        <line num="725" count="216" type="stmt"/>
        <line num="726" count="216" type="stmt"/>
        <line num="727" count="216" type="stmt"/>
        <line num="728" count="216" type="stmt"/>
        <line num="729" count="216" type="stmt"/>
        <line num="730" count="216" type="stmt"/>
        <line num="787" count="1" type="cond" truecount="1" falsecount="0"/>
        <line num="788" count="352" type="stmt"/>
        <line num="789" count="352" type="stmt"/>
        <line num="797" count="1" type="cond" truecount="1" falsecount="0"/>
        <line num="799" count="254" type="stmt"/>
        <line num="800" count="254" type="stmt"/>
        <line num="809" count="1" type="cond" truecount="1" falsecount="0"/>
        <line num="810" count="26" type="stmt"/>
        <line num="811" count="26" type="stmt"/>
        <line num="820" count="1" type="cond" truecount="1" falsecount="0"/>
        <line num="821" count="26" type="stmt"/>
        <line num="822" count="26" type="stmt"/>
        <line num="829" count="1" type="cond" truecount="1" falsecount="0"/>
        <line num="830" count="1840" type="cond" truecount="1" falsecount="0"/>
        <line num="831" count="701" type="stmt"/>
        <line num="832" count="701" type="stmt"/>
        <line num="833" count="1840" type="stmt"/>
        <line num="834" count="1" type="stmt"/>
        <line num="835" count="1" type="stmt"/>
        <line num="836" count="1" type="stmt"/>
        <line num="837" count="1" type="cond" truecount="1" falsecount="0"/>
        <line num="839" count="216" type="stmt"/>
        <line num="840" count="216" type="stmt"/>
        <line num="841" count="216" type="stmt"/>
        <line num="842" count="0" type="stmt"/>
        <line num="843" count="0" type="stmt"/>
        <line num="844" count="216" type="stmt"/>
        <line num="845" count="0" type="stmt"/>
        <line num="846" count="0" type="stmt"/>
        <line num="847" count="0" type="stmt"/>
        <line num="848" count="216" type="stmt"/>
        <line num="849" count="1" type="stmt"/>
        <line num="850" count="1" type="stmt"/>
        <line num="851" count="1" type="stmt"/>
      </file>
      <file name="Point.ts" path="/Users/rbb/_PROJECTS/_EXPERIMENTAL/paper2/packages/paper2/lib/basic/Point.ts">
        <metrics statements="289" coveredstatements="254" conditionals="108" coveredconditionals="92" methods="49" coveredmethods="40"/>
        <line num="16" count="1" type="stmt"/>
        <line num="17" count="1" type="stmt"/>
        <line num="18" count="1" type="stmt"/>
        <line num="19" count="1" type="stmt"/>
        <line num="20" count="1" type="stmt"/>
        <line num="35" count="1" type="stmt"/>
        <line num="36" count="1" type="stmt"/>
        <line num="37" count="1" type="stmt"/>
        <line num="39" count="1" type="stmt"/>
        <line num="142" count="1" type="cond" truecount="1" falsecount="0"/>
        <line num="143" count="539422" type="stmt"/>
        <line num="144" count="539422" type="stmt"/>
        <line num="145" count="539422" type="stmt"/>
        <line num="146" count="539422" type="cond" truecount="1" falsecount="0"/>
        <line num="147" count="528704" type="stmt"/>
        <line num="148" count="528704" type="cond" truecount="2" falsecount="0"/>
        <line num="149" count="528704" type="cond" truecount="3" falsecount="0"/>
        <line num="150" count="539422" type="cond" truecount="3" falsecount="0"/>
        <line num="151" count="3449" type="stmt"/>
        <line num="152" count="3449" type="cond" truecount="1" falsecount="1"/>
        <line num="153" count="10718" type="cond" truecount="1" falsecount="0"/>
        <line num="154" count="7269" type="cond" truecount="2" falsecount="1"/>
        <line num="155" count="7269" type="stmt"/>
        <line num="156" count="7269" type="cond" truecount="1" falsecount="0"/>
        <line num="157" count="632" type="cond" truecount="0" falsecount="1"/>
        <line num="158" count="7269" type="cond" truecount="2" falsecount="0"/>
        <line num="159" count="2607" type="cond" truecount="2" falsecount="0"/>
        <line num="160" count="6637" type="cond" truecount="2" falsecount="0"/>
        <line num="161" count="4019" type="cond" truecount="1" falsecount="1"/>
        <line num="162" count="4030" type="cond" truecount="1" falsecount="0"/>
        <line num="163" count="11" type="cond" truecount="0" falsecount="1"/>
        <line num="164" count="11" type="cond" truecount="0" falsecount="1"/>
        <line num="165" count="11" type="cond" truecount="0" falsecount="1"/>
        <line num="166" count="0" type="stmt"/>
        <line num="167" count="0" type="stmt"/>
        <line num="168" count="0" type="stmt"/>
        <line num="169" count="7269" type="stmt"/>
        <line num="170" count="539422" type="cond" truecount="1" falsecount="0"/>
        <line num="171" count="539422" type="stmt"/>
        <line num="172" count="539422" type="stmt"/>
        <line num="183" count="1" type="stmt"/>
        <line num="195" count="1" type="cond" truecount="1" falsecount="0"/>
        <line num="196" count="539682" type="stmt"/>
        <line num="197" count="539682" type="stmt"/>
        <line num="198" count="539682" type="stmt"/>
        <line num="199" count="539682" type="stmt"/>
        <line num="228" count="1" type="cond" truecount="1" falsecount="0"/>
        <line num="229" count="3472" type="stmt"/>
        <line num="230" count="3472" type="cond" truecount="1" falsecount="0"/>
        <line num="231" count="3445" type="cond" truecount="1" falsecount="0"/>
        <line num="232" count="3443" type="cond" truecount="2" falsecount="0"/>
        <line num="233" count="3286" type="cond" truecount="3" falsecount="0"/>
        <line num="234" count="3287" type="stmt"/>
        <line num="236" count="3472" type="stmt"/>
        <line num="251" count="1" type="cond" truecount="1" falsecount="0"/>
        <line num="252" count="2159" type="stmt"/>
        <line num="253" count="2159" type="stmt"/>
        <line num="258" count="1" type="cond" truecount="1" falsecount="0"/>
        <line num="259" count="735" type="stmt"/>
        <line num="260" count="735" type="stmt"/>
        <line num="261" count="735" type="stmt"/>
        <line num="263" count="1" type="cond" truecount="1" falsecount="0"/>
        <line num="264" count="467" type="stmt"/>
        <line num="267" count="467" type="stmt"/>
        <line num="268" count="467" type="stmt"/>
        <line num="279" count="1" type="cond" truecount="1" falsecount="0"/>
        <line num="280" count="2591" type="stmt"/>
        <line num="281" count="2591" type="stmt"/>
        <line num="283" count="1" type="cond" truecount="1" falsecount="0"/>
        <line num="286" count="3" type="cond" truecount="1" falsecount="0"/>
        <line num="287" count="2" type="cond" truecount="1" falsecount="0"/>
        <line num="288" count="2" type="stmt"/>
        <line num="289" count="3" type="cond" truecount="1" falsecount="0"/>
        <line num="290" count="1" type="stmt"/>
        <line num="293" count="1" type="cond" truecount="0" falsecount="1"/>
        <line num="294" count="1" type="stmt"/>
        <line num="295" count="1" type="stmt"/>
        <line num="296" count="3" type="stmt"/>
        <line num="313" count="1" type="cond" truecount="1" falsecount="0"/>
        <line num="314" count="4609" type="stmt"/>
        <line num="315" count="4609" type="stmt"/>
        <line num="317" count="1" type="cond" truecount="1" falsecount="0"/>
        <line num="318" count="14" type="stmt"/>
        <line num="319" count="14" type="stmt"/>
        <line num="321" count="1" type="stmt"/>
        <line num="322" count="1" type="stmt"/>
        <line num="340" count="1" type="cond" truecount="1" falsecount="0"/>
        <line num="341" count="5259" type="cond" truecount="1" falsecount="0"/>
        <line num="342" count="5258" type="cond" truecount="1" falsecount="0"/>
        <line num="347" count="575" type="cond" truecount="1" falsecount="0"/>
        <line num="348" count="4683" type="stmt"/>
        <line num="349" count="5259" type="cond" truecount="1" falsecount="0"/>
        <line num="350" count="1" type="stmt"/>
        <line num="351" count="1" type="stmt"/>
        <line num="352" count="1" type="cond" truecount="0" falsecount="1"/>
        <line num="353" count="0" type="stmt"/>
        <line num="354" count="1" type="stmt"/>
        <line num="355" count="1" type="stmt"/>
        <line num="356" count="1" type="cond" truecount="0" falsecount="2"/>
        <line num="357" count="1" type="stmt"/>
        <line num="358" count="1" type="stmt"/>
        <line num="359" count="5259" type="stmt"/>
        <line num="361" count="1" type="cond" truecount="1" falsecount="0"/>
        <line num="366" count="14" type="stmt"/>
        <line num="367" count="14" type="cond" truecount="1" falsecount="0"/>
        <line num="368" count="13" type="stmt"/>
        <line num="371" count="13" type="stmt"/>
        <line num="372" count="13" type="stmt"/>
        <line num="373" count="14" type="stmt"/>
        <line num="402" count="1" type="stmt"/>
        <line num="403" count="0" type="stmt"/>
        <line num="404" count="0" type="stmt"/>
        <line num="405" count="1" type="stmt"/>
        <line num="406" count="1" type="stmt"/>
        <line num="410" count="1" type="stmt"/>
        <line num="422" count="1" type="cond" truecount="1" falsecount="0"/>
        <line num="423" count="4559" type="stmt"/>
        <line num="424" count="4559" type="stmt"/>
        <line num="425" count="4559" type="stmt"/>
        <line num="435" count="1" type="cond" truecount="1" falsecount="0"/>
        <line num="436" count="84147" type="stmt"/>
        <line num="437" count="84147" type="stmt"/>
        <line num="438" count="84147" type="stmt"/>
        <line num="439" count="84147" type="stmt"/>
        <line num="440" count="84147" type="stmt"/>
        <line num="441" count="84147" type="stmt"/>
        <line num="442" count="84147" type="cond" truecount="0" falsecount="1"/>
        <line num="443" count="84147" type="stmt"/>
        <line num="455" count="1" type="cond" truecount="1" falsecount="0"/>
        <line num="456" count="877" type="cond" truecount="1" falsecount="0"/>
        <line num="457" count="877" type="stmt"/>
        <line num="458" count="877" type="cond" truecount="0" falsecount="1"/>
        <line num="459" count="877" type="stmt"/>
        <line num="461" count="877" type="stmt"/>
        <line num="462" count="877" type="stmt"/>
        <line num="463" count="877" type="stmt"/>
        <line num="476" count="1" type="cond" truecount="1" falsecount="0"/>
        <line num="477" count="365" type="cond" truecount="2" falsecount="0"/>
        <line num="478" count="358" type="stmt"/>
        <line num="479" count="365" type="cond" truecount="1" falsecount="1"/>
        <line num="480" count="365" type="stmt"/>
        <line num="481" count="365" type="stmt"/>
        <line num="482" count="365" type="stmt"/>
        <line num="483" count="365" type="cond" truecount="1" falsecount="1"/>
        <line num="484" count="365" type="stmt"/>
        <line num="493" count="1" type="cond" truecount="1" falsecount="0"/>
        <line num="494" count="16032" type="cond" truecount="2" falsecount="0"/>
        <line num="495" count="16032" type="stmt"/>
        <line num="530" count="1" type="cond" truecount="1" falsecount="0"/>
        <line num="531" count="22885" type="stmt"/>
        <line num="532" count="22885" type="stmt"/>
        <line num="533" count="22885" type="stmt"/>
        <line num="568" count="1" type="cond" truecount="1" falsecount="0"/>
        <line num="569" count="30862" type="stmt"/>
        <line num="570" count="30862" type="stmt"/>
        <line num="571" count="30862" type="stmt"/>
        <line num="607" count="1" type="cond" truecount="1" falsecount="0"/>
        <line num="608" count="16901" type="stmt"/>
        <line num="609" count="16901" type="stmt"/>
        <line num="610" count="16901" type="stmt"/>
        <line num="645" count="1" type="cond" truecount="1" falsecount="0"/>
        <line num="646" count="544" type="stmt"/>
        <line num="647" count="544" type="stmt"/>
[...]
        <line num="577" count="0" type="stmt"/>
        <line num="578" count="0" type="stmt"/>
        <line num="588" count="1" type="stmt"/>
        <line num="589" count="0" type="stmt"/>
        <line num="590" count="0" type="stmt"/>
        <line num="591" count="0" type="stmt"/>
        <line num="593" count="1" type="stmt"/>
        <line num="594" count="0" type="stmt"/>
        <line num="596" count="0" type="stmt"/>
        <line num="597" count="0" type="stmt"/>
        <line num="598" count="0" type="stmt"/>
        <line num="599" count="0" type="stmt"/>
        <line num="600" count="0" type="stmt"/>
        <line num="609" count="1" type="stmt"/>
        <line num="610" count="0" type="stmt"/>
        <line num="611" count="0" type="stmt"/>
        <line num="613" count="1" type="stmt"/>
        <line num="617" count="0" type="stmt"/>
        <line num="618" count="0" type="stmt"/>
        <line num="619" count="0" type="stmt"/>
        <line num="702" count="1" type="cond" truecount="1" falsecount="0"/>
        <line num="703" count="18" type="stmt"/>
        <line num="704" count="18" type="stmt"/>
        <line num="713" count="1" type="stmt"/>
        <line num="714" count="0" type="stmt"/>
        <line num="715" count="0" type="stmt"/>
        <line num="716" count="1" type="stmt"/>
        <line num="717" count="1" type="stmt"/>
        <line num="718" count="1" type="stmt"/>
        <line num="734" count="1" type="stmt"/>
        <line num="735" count="0" type="stmt"/>
        <line num="736" count="0" type="stmt"/>
        <line num="745" count="1" type="cond" truecount="1" falsecount="0"/>
        <line num="746" count="36" type="stmt"/>
        <line num="747" count="36" type="stmt"/>
        <line num="756" count="1" type="cond" truecount="1" falsecount="0"/>
        <line num="757" count="36" type="stmt"/>
        <line num="758" count="36" type="stmt"/>
        <line num="1041" count="1" type="stmt"/>
        <line num="1042" count="1" type="stmt"/>
        <line num="1043" count="1" type="stmt"/>
        <line num="1044" count="1" type="stmt"/>
        <line num="1045" count="1" type="stmt"/>
        <line num="1046" count="1" type="stmt"/>
        <line num="1048" count="1" type="cond" truecount="1" falsecount="0"/>
        <line num="1049" count="550" type="cond" truecount="0" falsecount="1"/>
        <line num="1052" count="550" type="cond" truecount="0" falsecount="1"/>
        <line num="1053" count="550" type="stmt"/>
        <line num="1054" count="550" type="stmt"/>
        <line num="1055" count="1" type="stmt"/>
        <line num="1056" count="1" type="stmt"/>
        <line num="1058" count="1" type="cond" truecount="1" falsecount="0"/>
        <line num="1060" count="36" type="cond" truecount="0" falsecount="1"/>
        <line num="1065" count="36" type="stmt"/>
        <line num="1066" count="36" type="stmt"/>
        <line num="1067" count="36" type="stmt"/>
        <line num="1068" count="36" type="stmt"/>
        <line num="1070" count="36" type="cond" truecount="1" falsecount="0"/>
        <line num="1072" count="30" type="stmt"/>
        <line num="1074" count="30" type="cond" truecount="1" falsecount="0"/>
        <line num="1075" count="30" type="stmt"/>
        <line num="1077" count="36" type="stmt"/>
        <line num="1078" count="0" type="stmt"/>
        <line num="1079" count="0" type="stmt"/>
        <line num="1081" count="0" type="stmt"/>
        <line num="1082" count="0" type="stmt"/>
        <line num="1083" count="0" type="stmt"/>
        <line num="1084" count="0" type="stmt"/>
        <line num="1085" count="0" type="stmt"/>
        <line num="1086" count="0" type="stmt"/>
        <line num="1087" count="0" type="stmt"/>
        <line num="1088" count="0" type="stmt"/>
        <line num="1090" count="36" type="cond" truecount="1" falsecount="0"/>
        <line num="1091" count="15" type="stmt"/>
        <line num="1092" count="15" type="stmt"/>
        <line num="1095" count="36" type="stmt"/>
        <line num="1096" count="36" type="stmt"/>
        <line num="1097" count="36" type="stmt"/>
        <line num="1098" count="36" type="stmt"/>
        <line num="1100" count="36" type="cond" truecount="0" falsecount="1"/>
        <line num="1102" count="0" type="stmt"/>
        <line num="1103" count="0" type="stmt"/>
        <line num="1104" count="0" type="stmt"/>
        <line num="1105" count="36" type="stmt"/>
        <line num="1106" count="36" type="stmt"/>
        <line num="1107" count="36" type="stmt"/>
        <line num="1108" count="36" type="stmt"/>
        <line num="1110" count="36" type="stmt"/>
        <line num="1111" count="36" type="stmt"/>
        <line num="1112" count="36" type="stmt"/>
        <line num="1114" count="36" type="stmt"/>
        <line num="1117" count="36" type="stmt"/>
        <line num="1118" count="36" type="stmt"/>
        <line num="1119" count="36" type="stmt"/>
        <line num="1120" count="36" type="stmt"/>
        <line num="1121" count="36" type="stmt"/>
        <line num="1123" count="36" type="stmt"/>
        <line num="1124" count="36" type="stmt"/>
        <line num="1126" count="36" type="stmt"/>
        <line num="1129" count="0" type="stmt"/>
        <line num="1130" count="0" type="stmt"/>
        <line num="1131" count="0" type="stmt"/>
        <line num="1135" count="0" type="stmt"/>
        <line num="1136" count="0" type="stmt"/>
        <line num="1137" count="0" type="stmt"/>
        <line num="1138" count="0" type="stmt"/>
        <line num="1139" count="0" type="stmt"/>
        <line num="1140" count="0" type="stmt"/>
        <line num="1141" count="0" type="stmt"/>
        <line num="1142" count="0" type="stmt"/>
        <line num="1143" count="0" type="stmt"/>
        <line num="1144" count="0" type="stmt"/>
        <line num="1146" count="36" type="stmt"/>
        <line num="1147" count="36" type="stmt"/>
        <line num="1153" count="36" type="cond" truecount="1" falsecount="0"/>
        <line num="1156" count="18" type="stmt"/>
        <line num="1157" count="18" type="cond" truecount="1" falsecount="0"/>
        <line num="1158" count="11" type="stmt"/>
        <line num="1159" count="11" type="stmt"/>
        <line num="1160" count="11" type="stmt"/>
        <line num="1161" count="18" type="stmt"/>
        <line num="1163" count="36" type="cond" truecount="1" falsecount="0"/>
        <line num="1164" count="15" type="stmt"/>
        <line num="1165" count="15" type="cond" truecount="1" falsecount="0"/>
        <line num="1168" count="12" type="stmt"/>
        <line num="1169" count="12" type="cond" truecount="0" falsecount="1"/>
        <line num="1170" count="0" type="stmt"/>
        <line num="1176" count="0" type="stmt"/>
        <line num="1177" count="0" type="stmt"/>
        <line num="1178" count="0" type="stmt"/>
        <line num="1179" count="0" type="stmt"/>
        <line num="1180" count="12" type="cond" truecount="0" falsecount="2"/>
        <line num="1183" count="0" type="stmt"/>
        <line num="1184" count="0" type="stmt"/>
        <line num="1185" count="0" type="stmt"/>
        <line num="1186" count="0" type="stmt"/>
        <line num="1187" count="0" type="stmt"/>
        <line num="1188" count="12" type="stmt"/>
        <line num="1190" count="15" type="stmt"/>
        <line num="1191" count="15" type="stmt"/>
        <line num="1193" count="36" type="cond" truecount="1" falsecount="0"/>
        <line num="1197" count="1" type="stmt"/>
        <line num="1198" count="1" type="stmt"/>
        <line num="1200" count="36" type="cond" truecount="1" falsecount="0"/>
        <line num="1201" count="11" type="stmt"/>
        <line num="1202" count="11" type="cond" truecount="1" falsecount="0"/>
        <line num="1203" count="11" type="stmt"/>
        <line num="1204" count="11" type="stmt"/>
        <line num="1206" count="36" type="stmt"/>
        <line num="1208" count="36" type="stmt"/>
        <line num="1209" count="36" type="stmt"/>
        <line num="1210" count="36" type="stmt"/>
        <line num="1219" count="36" type="stmt"/>
        <line num="1220" count="36" type="stmt"/>
        <line num="1223" count="36" type="stmt"/>
        <line num="1224" count="36" type="stmt"/>
        <line num="1225" count="36" type="stmt"/>
        <line num="1226" count="36" type="stmt"/>
        <line num="1228" count="36" type="stmt"/>
        <line num="1229" count="36" type="stmt"/>
        <line num="1230" count="36" type="stmt"/>
        <line num="1231" count="36" type="stmt"/>
        <line num="1232" count="36" type="stmt"/>
        <line num="1233" count="36" type="stmt"/>
        <line num="1234" count="36" type="stmt"/>
        <line num="1235" count="36" type="stmt"/>
        <line num="1236" count="36" type="stmt"/>
        <line num="1237" count="36" type="stmt"/>
        <line num="1240" count="36" type="cond" truecount="1" falsecount="0"/>
        <line num="1241" count="129" type="stmt"/>
        <line num="1242" count="129" type="stmt"/>
        <line num="1245" count="129" type="cond" truecount="1" falsecount="0"/>
        <line num="1246" count="201" type="cond" truecount="1" falsecount="0"/>
        <line num="1249" count="6" type="stmt"/>
        <line num="1250" count="6" type="stmt"/>
        <line num="1251" count="6" type="stmt"/>
        <line num="1252" count="6" type="stmt"/>
        <line num="1253" count="6" type="stmt"/>
        <line num="1254" count="6" type="stmt"/>
        <line num="1256" count="6" type="cond" truecount="2" falsecount="0"/>
        <line num="1257" count="6" type="stmt"/>
        <line num="1258" count="6" type="stmt"/>
        <line num="1259" count="6" type="stmt"/>
        <line num="1260" count="6" type="stmt"/>
        <line num="1261" count="6" type="cond" truecount="0" falsecount="1"/>
        <line num="1263" count="6" type="cond" truecount="0" falsecount="1"/>
        <line num="1264" count="6" type="stmt"/>
        <line num="1265" count="201" type="cond" truecount="1" falsecount="0"/>
        <line num="1266" count="195" type="stmt"/>
        <line num="1267" count="195" type="cond" truecount="1" falsecount="0"/>
        <line num="1268" count="195" type="stmt"/>
        <line num="1269" count="201" type="stmt"/>
        <line num="1272" count="129" type="cond" truecount="2" falsecount="0"/>
        <line num="1273" count="191" type="cond" truecount="0" falsecount="1"/>
        <line num="1274" count="191" type="stmt"/>
        <line num="1275" count="191" type="stmt"/>
        <line num="1276" count="129" type="stmt"/>
        <line num="1277" count="129" type="stmt"/>
        <line num="1280" count="36" type="cond" truecount="1" falsecount="0"/>
        <line num="1285" count="45" type="stmt"/>
        <line num="1289" count="45" type="stmt"/>
        <line num="1291" count="45" type="stmt"/>
        <line num="1292" count="45" type="cond" truecount="1" falsecount="0"/>
        <line num="1294" count="4" type="stmt"/>
        <line num="1299" count="45" type="cond" truecount="1" falsecount="0"/>
        <line num="1300" count="35" type="cond" truecount="1" falsecount="0"/>
        <line num="1301" count="35" type="cond" truecount="1" falsecount="0"/>
        <line num="1302" count="35" type="stmt"/>
        <line num="1303" count="35" type="stmt"/>
        <line num="1304" count="35" type="stmt"/>
        <line num="1305" count="35" type="cond" truecount="2" falsecount="0"/>
        <line num="1306" count="35" type="stmt"/>
        <line num="1307" count="35" type="stmt"/>
        <line num="1308" count="35" type="stmt"/>
        <line num="1309" count="35" type="stmt"/>
        <line num="1310" count="35" type="stmt"/>
        <line num="1313" count="45" type="cond" truecount="2" falsecount="0"/>
        <line num="1315" count="45" type="stmt"/>
        <line num="1322" count="36" type="stmt"/>
        <line num="1323" count="36" type="stmt"/>
        <line num="1324" count="36" type="stmt"/>
        <line num="1325" count="36" type="stmt"/>
        <line num="1326" count="36" type="stmt"/>
        <line num="1327" count="36" type="stmt"/>
        <line num="1328" count="36" type="stmt"/>
        <line num="1329" count="36" type="stmt"/>
        <line num="1330" count="36" type="stmt"/>
        <line num="1331" count="36" type="stmt"/>
        <line num="1332" count="36" type="stmt"/>
        <line num="1333" count="36" type="stmt"/>
        <line num="1334" count="36" type="stmt"/>
        <line num="1335" count="36" type="stmt"/>
        <line num="1336" count="36" type="stmt"/>
        <line num="1337" count="36" type="stmt"/>
        <line num="1338" count="36" type="stmt"/>
        <line num="1339" count="36" type="stmt"/>
        <line num="1340" count="36" type="stmt"/>
        <line num="1341" count="36" type="stmt"/>
        <line num="1343" count="36" type="stmt"/>
        <line num="1344" count="36" type="stmt"/>
        <line num="1350" count="36" type="cond" truecount="1" falsecount="0"/>
        <line num="1351" count="36" type="stmt"/>
        <line num="1355" count="36" type="stmt"/>
        <line num="1356" count="36" type="stmt"/>
        <line num="1357" count="36" type="stmt"/>
        <line num="1358" count="36" type="stmt"/>
        <line num="1360" count="36" type="cond" truecount="1" falsecount="0"/>
        <line num="1361" count="16" type="cond" truecount="2" falsecount="1"/>
        <line num="1362" count="16" type="stmt"/>
        <line num="1368" count="36" type="cond" truecount="3" falsecount="0"/>
        <line num="1369" count="36" type="stmt"/>
        <line num="1373" count="36" type="stmt"/>
        <line num="1374" count="36" type="stmt"/>
        <line num="1375" count="36" type="cond" truecount="1" falsecount="0"/>
        <line num="1376" count="25" type="cond" truecount="1" falsecount="0"/>
        <line num="1377" count="25" type="stmt"/>
        <line num="1378" count="25" type="stmt"/>
        <line num="1379" count="25" type="stmt"/>
        <line num="1380" count="25" type="stmt"/>
        <line num="1381" count="25" type="stmt"/>
        <line num="1382" count="36" type="cond" truecount="2" falsecount="0"/>
        <line num="1385" count="36" type="stmt"/>
        <line num="1386" count="36" type="stmt"/>
        <line num="1389" count="36" type="stmt"/>
        <line num="1392" count="36" type="cond" truecount="2" falsecount="0"/>
        <line num="1393" count="14" type="cond" truecount="1" falsecount="0"/>
        <line num="1395" count="11" type="stmt"/>
        <line num="1396" count="11" type="stmt"/>
        <line num="1397" count="14" type="cond" truecount="1" falsecount="0"/>
        <line num="1399" count="12" type="stmt"/>
        <line num="1400" count="12" type="stmt"/>
        <line num="1401" count="14" type="stmt"/>
        <line num="1402" count="14" type="stmt"/>
        <line num="1405" count="36" type="cond" truecount="1" falsecount="0"/>
        <line num="1407" count="22" type="cond" truecount="0" falsecount="1"/>
        <line num="1408" count="22" type="cond" truecount="0" falsecount="1"/>
        <line num="1409" count="22" type="stmt"/>
        <line num="1410" count="22" type="stmt"/>
        <line num="1417" count="36" type="cond" truecount="1" falsecount="1"/>
        <line num="1420" count="18" type="cond" truecount="2" falsecount="0"/>
        <line num="1421" count="18" type="stmt"/>
        <line num="1422" count="18" type="stmt"/>
        <line num="1423" count="36" type="stmt"/>
        <line num="1428" count="36" type="cond" truecount="4" falsecount="0"/>
        <line num="1429" count="21" type="stmt"/>
        <line num="1431" count="21" type="cond" truecount="1" falsecount="0"/>
        <line num="1435" count="11" type="cond" truecount="1" falsecount="0"/>
        <line num="1436" count="11" type="stmt"/>
        <line num="1440" count="11" type="cond" truecount="1" falsecount="0"/>
        <line num="1441" count="10" type="stmt"/>
        <line num="1442" count="10" type="cond" truecount="2" falsecount="0"/>
        <line num="1443" count="10" type="cond" truecount="1" falsecount="0"/>
        <line num="1444" count="10" type="stmt"/>
        <line num="1445" count="11" type="stmt"/>
        <line num="1447" count="21" type="cond" truecount="1" falsecount="0"/>
        <line num="1450" count="10" type="cond" truecount="1" falsecount="0"/>
        <line num="1451" count="6" type="stmt"/>
        <line num="1452" count="6" type="cond" truecount="2" falsecount="0"/>
        <line num="1453" count="6" type="stmt"/>
        <line num="1454" count="6" type="stmt"/>
        <line num="1455" count="10" type="stmt"/>
        <line num="1456" count="10" type="stmt"/>
        <line num="1460" count="21" type="stmt"/>
        <line num="1461" count="21" type="stmt"/>
        <line num="1462" count="21" type="stmt"/>
        <line num="1463" count="36" type="stmt"/>
        <line num="1468" count="36" type="cond" truecount="1" falsecount="1"/>
        <line num="1469" count="0" type="stmt"/>
        <line num="1470" count="0" type="stmt"/>
        <line num="1481" count="36" type="stmt"/>
        <line num="1482" count="36" type="stmt"/>
        <line num="1484" count="36" type="cond" truecount="3" falsecount="0"/>
        <line num="1485" count="36" type="cond" truecount="1" falsecount="0"/>
        <line num="1486" count="6" type="stmt"/>
        <line num="1487" count="6" type="stmt"/>
        <line num="1488" count="36" type="stmt"/>
        <line num="1493" count="36" type="stmt"/>
        <line num="1494" count="0" type="stmt"/>
        <line num="1495" count="0" type="stmt"/>
        <line num="1496" count="0" type="stmt"/>
        <line num="1498" count="0" type="stmt"/>
        <line num="1499" count="0" type="stmt"/>
        <line num="1501" count="0" type="stmt"/>
        <line num="1503" count="0" type="stmt"/>
        <line num="1504" count="0" type="stmt"/>
        <line num="1505" count="0" type="stmt"/>
        <line num="1507" count="0" type="stmt"/>
        <line num="1509" count="0" type="stmt"/>
        <line num="1510" count="0" type="stmt"/>
        <line num="1511" count="0" type="stmt"/>
        <line num="1512" count="0" type="stmt"/>
        <line num="1514" count="36" type="cond" truecount="1" falsecount="0"/>
        <line num="1518" count="23" type="stmt"/>
        <line num="1519" count="23" type="stmt"/>
        <line num="1520" count="23" type="stmt"/>
        <line num="1521" count="23" type="cond" truecount="1" falsecount="0"/>
        <line num="1522" count="69" type="cond" truecount="1" falsecount="0"/>
        <line num="1523" count="69" type="stmt"/>
        <line num="1525" count="23" type="stmt"/>
        <line num="1526" count="23" type="stmt"/>
        <line num="1528" count="36" type="stmt"/>
        <line num="1533" count="36" type="stmt"/>
        <line num="1541" count="36" type="stmt"/>
        <line num="1542" count="0" type="stmt"/>
        <line num="1543" count="0" type="stmt"/>
        <line num="1544" count="0" type="stmt"/>
        <line num="1545" count="0" type="stmt"/>
        <line num="1546" count="0" type="stmt"/>
        <line num="1547" count="0" type="stmt"/>
        <line num="1548" count="0" type="stmt"/>
        <line num="1549" count="0" type="stmt"/>
        <line num="1550" count="0" type="stmt"/>
        <line num="1551" count="0" type="stmt"/>
        <line num="1552" count="0" type="stmt"/>
        <line num="1553" count="0" type="stmt"/>
        <line num="1554" count="0" type="stmt"/>
        <line num="1555" count="0" type="stmt"/>
        <line num="1556" count="36" type="stmt"/>
        <line num="1557" count="36" type="stmt"/>
        <line num="1558" count="1" type="stmt"/>
        <line num="1559" count="1" type="stmt"/>
        <line num="1561" count="1" type="stmt"/>
      </file>
    </package>
  </project>
</coverage>
